Commit 1/367: feat(stacks-payroll): initialize workspace configuration for stacks connection [part 1]
Commit 2/367: feat(stacks-payroll): define type interfaces for stacks payroll data models [part 2]
Commit 3/367: feat(stacks-payroll): integrate stacks wallet login status listeners [part 3]
Commit 4/367: feat(stacks-payroll): setup clarinet configuration for stacks deployment [part 4]
Commit 5/367: feat(stacks-payroll): deploy tsaro-token contract on stacks testnet [part 5]
Commit 6/367: feat(stacks-payroll): implement stacks company registration contract call bindings [part 6]
Commit 7/367: feat(stacks-payroll): onboard stacks employee addresses to workspace registry [part 7]
Commit 8/367: feat(stacks-payroll): verify stacks wallet address format compatibility [part 8]
Commit 9/367: feat(stacks-payroll): design stacks dashboard statistics summary panel [part 9]
Commit 10/367: feat(stacks-payroll): add stacks transaction hash explorer link mapping [part 10]
Commit 11/367: feat(stacks-payroll): implement single payout disbursement with stacks wallet [part 11]
Commit 12/367: feat(stacks-payroll): configure stacks local mocknet rpc settings [part 12]
Commit 13/367: feat(stacks-payroll): add support for sip-010 token transfer details on stacks [part 13]
Commit 14/367: feat(stacks-payroll): implement role authority checks for stacks members [part 14]
Commit 15/367: feat(stacks-payroll): deactivate worker registration state in stacks contract [part 15]
Commit 16/367: feat(stacks-payroll): reactivate worker registration state in stacks contract [part 16]
Commit 17/367: feat(stacks-payroll): retrieve employee salary rates from stacks map variables [part 17]
Commit 18/367: feat(stacks-payroll): retrieve total disbursements historical counts on stacks [part 18]
Commit 19/367: feat(stacks-payroll): build dashboard helper guide for stacks users [part 19]
Commit 20/367: feat(stacks-payroll): manage employee permissions inside stacks corporate workspace [part 20]
Commit 21/367: feat(stacks-payroll): create register company form with stacks wallet connect [part 21]
Commit 22/367: feat(stacks-payroll): add wallet provider wrapper for stacks app login state [part 22]
Commit 23/367: feat(stacks-payroll): update navbar menu options to route stacks payroll module [part 23]
Commit 24/367: feat(stacks-payroll): implement custom sip-010 token contract verification on stacks [part 24]
Commit 25/367: feat(stacks-payroll): track transaction confirmation status on stacks blockchain [part 25]
Commit 26/367: refactor(stacks-payroll): optimize read-only calls for stacks contract execution [part 26]
Commit 27/367: refactor(stacks-payroll): improve stacks wallet connect event listener management [part 27]
Commit 28/367: refactor(stacks-payroll): modularize stacks dashboard stat fetcher logic [part 28]
Commit 29/367: refactor(stacks-payroll): clean up stacks main dashboard UI container styles [part 29]
Commit 30/367: refactor(stacks-payroll): refactor stacks payment dispatcher to support batching [part 30]
Commit 31/367: refactor(stacks-payroll): simplify stacks role validation logic flow [part 31]
Commit 32/367: refactor(stacks-payroll): restructure stacks settings components architecture [part 32]
Commit 33/367: refactor(stacks-payroll): extract stacks wallet providers to core layout component [part 33]
Commit 34/367: refactor(stacks-payroll): improve error code mapping for stacks clarinet errors [part 34]
Commit 35/367: refactor(stacks-payroll): enhance loader animations on stacks database fetch events [part 35]
Commit 36/367: refactor(stacks-payroll): refactor stacks address truncation display helper [part 36]
Commit 37/367: refactor(stacks-payroll): streamline metadata fields in stacks model typings [part 37]
Commit 38/367: fix(stacks-payroll): resolve crash on missing stacks wallet provider context [part 38]
Commit 39/367: fix(stacks-payroll): fix decimal conversion error during stacks payment submit [part 39]
Commit 40/367: fix(stacks-payroll): correct network fallback behaviour for stacks devnet mode [part 40]
Commit 41/367: fix(stacks-payroll): fix incorrect stacks principal verification checks [part 41]
Commit 42/367: fix(stacks-payroll): resolve memory leak in stacks blockchain status pollers [part 42]
Commit 43/367: fix(stacks-payroll): fix stacks transaction broadcast finish event handler [part 43]
Commit 44/367: fix(stacks-payroll): adjust stacks explorer links to route correctly per network [part 44]
Commit 45/367: fix(stacks-payroll): fix alignment of stacks dashboard cards on mobile viewports [part 45]
